<?xml version="1.0" encoding="UTF-8"?>
<!-- Generated by org.testng.reporters.JUnitReportReporter -->
<testsuite hostname="ARPGL003228" failures="0" tests="1" name="amazon.SeachProduct" time="10.124" errors="0" timestamp="2021-02-11T10:55:56 IST" skipped="0">
  <testcase classname="amazon.SeachProduct" name="searchProduct" time="10.124"/>
  <system-out/>
</testsuite> <!-- amazon.SeachProduct -->
